<?xml version="1.0" encoding="UTF-8"?>
<testsuite xmlns:xsi="http://www.w3.org/2001/XMLSchema-instance" xsi:noNamespaceSchemaLocation="https://maven.apache.org/surefire/maven-surefire-plugin/xsd/surefire-test-report-3.0.xsd" version="3.0" name="org.example.runners.TestRunner" time="350.106" tests="22" errors="0" skipped="0" failures="3">
  <properties>
[...]
</properties>
  <testcase name="runScenario" classname="org.example.runners.TestRunner" time="31.52"/>
  <testcase name="runScenario" classname="org.example.runners.TestRunner" time="15.151"/>
  <testcase name="runScenario" classname="org.example.runners.TestRunner" time="14.776"/>
  <testcase name="runScenario" classname="org.example.runners.TestRunner" time="12.481"/>
  <testcase name="runScenario" classname="org.example.runners.TestRunner" time="14.707"/>
  <testcase name="runScenario" classname="org.example.runners.TestRunner" time="11.62"/>
  <testcase name="runScenario" classname="org.example.runners.TestRunner" time="12.239"/>
  <testcase name="runScenario" classname="org.example.runners.TestRunner" time="12.084"/>
  <testcase name="runScenario" classname="org.example.runners.TestRunner" time="12.902"/>
  <testcase name="runScenario" classname="org.example.runners.TestRunner" time="12.967"/>
  <testcase name="runScenario" classname="org.example.runners.TestRunner" time="13.572"/>
  <testcase name="runScenario" classname="org.example.runners.TestRunner" time="14.917">
    <failure message="element click intercepted: Element &lt;a href=&quot;http://demo.nopcommerce.com/&quot; aria-label=&quot;&quot; class=&quot;nivo-imageLink&quot; style=&quot;display: none;&quot;&gt;...&lt;/a&gt; is not clickable at point (600, 240). Other element would receive the click: &lt;a href=&quot;http://demo.nopcommerce.com/&quot; aria-label=&quot;&quot; class=&quot;nivo-imageLink&quot; style=&quot;display: block;&quot;&gt;...&lt;/a&gt;&#10;  (Session info: chrome=102.0.5005.115)&#10;Build info: version: &apos;4.1.4&apos;, revision: &apos;535d840ee2&apos;&#10;System info: host: &apos;DESKTOP-521SOOQ&apos;, ip: &apos;192.168.1.109&apos;, os.name: &apos;Windows 10&apos;, os.arch: &apos;amd64&apos;, os.version: &apos;10.0&apos;, java.version: &apos;1.8.0_221&apos;&#10;Driver info: org.openqa.selenium.chrome.ChromeDriver&#10;Command: [cde34259beababb48ec5615fa719c3aa, clickElement {id=d06bd568-163f-4e16-b686-59d73695f235}]&#10;Capabilities {acceptInsecureCerts: false, browserName: chrome, browserVersion: 102.0.5005.115, chrome: {chromedriverVersion: 102.0.5005.61 (0e59bcc00cc4..., userDataDir: C:\Users\shahd\AppData\Loca...}, goog:chromeOptions: {debuggerAddress: localhost:13842}, javascriptEnabled: true, networkConnectionEnabled: false, pageLoadStrategy: normal, platform: WINDOWS, platformName: WINDOWS, proxy: Proxy(), se:cdp: ws://localhost:13842/devtoo..., se:cdpVersion: 102.0.5005.115, setWindowRect: true, strictFileInteractability: false, timeouts: {implicit: 0, pageLoad: 300000, script: 30000}, unhandledPromptBehavior: dismiss and notify, webauthn:extension:credBlob: true, webauthn:extension:largeBlob: true, webauthn:virtualAuthenticators: true}&#10;Element: [[ChromeDriver: chrome on WINDOWS (cde34259beababb48ec5615fa719c3aa)] -&gt; xpath: /html/body/div[6]/div[3]/div/div/div/div/div[1]/div[1]/a[1]]&#10;Session ID: cde34259beababb48ec5615fa719c3aa" type="org.openqa.selenium.ElementClickInterceptedException"><![CDATA[org.openqa.selenium.ElementClickInterceptedException: 
element click intercepted: Element <a href="http://demo.nopcommerce.com/" aria-label="" class="nivo-imageLink" style="display: none;">...</a> is not clickable at point (600, 240). Other element would receive the click: <a href="http://demo.nopcommerce.com/" aria-label="" class="nivo-imageLink" style="display: block;">...</a>
  (Session info: chrome=102.0.5005.115)
Build info: version: '4.1.4', revision: '535d840ee2'
System info: host: 'DESKTOP-521SOOQ', ip: '192.168.1.109', os.name: 'Windows 10', os.arch: 'amd64', os.version: '10.0', java.version: '1.8.0_221'
Driver info: org.openqa.selenium.chrome.ChromeDriver
Command: [cde34259beababb48ec5615fa719c3aa, clickElement {id=d06bd568-163f-4e16-b686-59d73695f235}]
Capabilities {acceptInsecureCerts: false, browserName: chrome, browserVersion: 102.0.5005.115, chrome: {chromedriverVersion: 102.0.5005.61 (0e59bcc00cc4..., userDataDir: C:\Users\shahd\AppData\Loca...}, goog:chromeOptions: {debuggerAddress: localhost:13842}, javascriptEnabled: true, networkConnectionEnabled: false, pageLoadStrategy: normal, platform: WINDOWS, platformName: WINDOWS, proxy: Proxy(), se:cdp: ws://localhost:13842/devtoo..., se:cdpVersion: 102.0.5005.115, setWindowRect: true, strictFileInteractability: false, timeouts: {implicit: 0, pageLoad: 300000, script: 30000}, unhandledPromptBehavior: dismiss and notify, webauthn:extension:credBlob: true, webauthn:extension:largeBlob: true, webauthn:virtualAuthenticators: true}
Element: [[ChromeDriver: chrome on WINDOWS (cde34259beababb48ec5615fa719c3aa)] -> xpath: /html/body/div[6]/div[3]/div/div/div/div/div[1]/div[1]/a[1]]
Session ID: cde34259beababb48ec5615fa719c3aa
]]></failure>
    <system-out><![CDATA[
@smoke
Scenario: guest user could register with valid data successfully # src/main/resources/features/F01_Register.feature:4
  Given user go to register page                                 # org.example.stepDefinitions.D01_RegisterStepDef.user_open_register_page()
  When user select gender type                                   # org.example.stepDefinitions.D01_RegisterStepDef.user_select_gender_type()
  And user enter first name "automation" and last name "tester"  # org.example.stepDefinitions.D01_RegisterStepDef.valid_Fname_and_Lname(java.lang.String,java.lang.String)
  And user enter date of birth                                   # org.example.stepDefinitions.D01_RegisterStepDef.date_of_birth()
  And user enter email field "doaa@example.com"                  # org.example.stepDefinitions.D01_RegisterStepDef.enter_email(java.lang.String)
  And user fills Password fields "P@ssw0rd" "P@ssw0rd"           # org.example.stepDefinitions.D01_RegisterStepDef.enter_password_fields(java.lang.String,java.lang.String)
  And user clicks on register button                             # org.example.stepDefinitions.D01_RegisterStepDef.register_btn()
  Then success message is displayed                              # org.example.stepDefinitions.D01_RegisterStepDef.register_completed_successfully()

@smoke
Scenario: user could login with valid email and password                # src/main/resources/features/F02_Login.feature:5
  Given user go to login page                                           # org.example.stepDefinitions.D02_LoginStepDef.user_open_login_page()
  When user login with email "doaa@example.com" and password "P@ssw0rd" # org.example.stepDefinitions.D02_LoginStepDef.login_steps(java.lang.String,java.lang.String)
  And user press on login button                                        # org.example.stepDefinitions.D02_LoginStepDef.user_press_loginBtn()
  Then user login to the system successfully                            # org.example.stepDefinitions.D02_LoginStepDef.valid_login()

@smoke
Scenario: user could not login with invalid email and password                  # src/main/resources/features/F02_Login.feature:11
  Given user go to login page                                                   # org.example.stepDefinitions.D02_LoginStepDef.user_open_login_page()
  When user login with email "invalid@example.com" and password "wrongP@ssw0rd" # org.example.stepDefinitions.D02_LoginStepDef.login_steps(java.lang.String,java.lang.String)
  And user press on login button                                                # org.example.stepDefinitions.D02_LoginStepDef.user_press_loginBtn()
  Then user could not login to the system                                       # org.example.stepDefinitions.D02_LoginStepDef.invalid_login()

@smoke
Scenario: user chooses euro currency from the list and price of products is changed to euro sign # src/main/resources/features/F03_Currencies.feature:4
  When user choose euro from currencies list                                                     # org.example.stepDefinitions.D03_CurrenciesStepDef.choose_currency()
  Then the price of four products on home page is changed to euro                                # org.example.stepDefinitions.D03_CurrenciesStepDef.price_currency_is_changed()

@smoke
Scenario Outline: user can search for any product on the website by name # src/main/resources/features/F04_Search.feature:10
  When user search for Mac                                               # org.example.stepDefinitions.D04_SearchStepDef.search_by_name(java.lang.String)
  Then user gets relative products for Mac                               # org.example.stepDefinitions.D04_SearchStepDef.relative_products_are_retlived(java.lang.String)

@smoke
Scenario Outline: user can search for any product on the website by name # src/main/resources/features/F04_Search.feature:11
  When user search for Lenovo                                            # org.example.stepDefinitions.D04_SearchStepDef.search_by_name(java.lang.String)
  Then user gets relative products for Lenovo                            # org.example.stepDefinitions.D04_SearchStepDef.relative_products_are_retlived(java.lang.String)

@smoke
Scenario Outline: user can search for any product on the website by name # src/main/resources/features/F04_Search.feature:12
  When user search for Laptop                                            # org.example.stepDefinitions.D04_SearchStepDef.search_by_name(java.lang.String)
  Then user gets relative products for Laptop                            # org.example.stepDefinitions.D04_SearchStepDef.relative_products_are_retlived(java.lang.String)

@smoke
Scenario Outline: user can search for specific product by SKU # src/main/resources/features/F04_Search.feature:20
  When user search for N_1020_LU                              # org.example.stepDefinitions.D04_SearchStepDef.search_by_name(java.lang.String)
  Then user gets the only relative product                    # org.example.stepDefinitions.D04_SearchStepDef.relative_product_for_sku()

@smoke
Scenario Outline: user can search for specific product by SKU # src/main/resources/features/F04_Search.feature:21
  When user search for COMP_CUST                              # org.example.stepDefinitions.D04_SearchStepDef.search_by_name(java.lang.String)
  Then user gets the only relative product                    # org.example.stepDefinitions.D04_SearchStepDef.relative_product_for_sku()

@smoke
Scenario Outline: user can search for specific product by SKU # src/main/resources/features/F04_Search.feature:22
  When user search for AP_MBP_13                              # org.example.stepDefinitions.D04_SearchStepDef.search_by_name(java.lang.String)
  Then user gets the only relative product                    # org.example.stepDefinitions.D04_SearchStepDef.relative_product_for_sku()

@smoke
Scenario: user hovers on category on homepage                                                                     # src/main/resources/features/F05_Hover.feature:4
  When user hovers on category and select subcategory                                                             # org.example.stepDefinitions.D05_HoverStepDef.hover_on_category_and_select_subcategory()
  Then user is redirected to the subcategory page with title equals to subcategory value and url contains desktop # org.example.stepDefinitions.D05_HoverStepDef.user_redirected_to_subcategory_page()

@smoke
Scenario: user tries to open first slider on homepage (Nokia slider) # src/main/resources/features/F06_HomeSlider.feature:4
  When user clicks on first slider                                   # org.example.stepDefinitions.D06_HomeSliderStepDef.first_Slider()
      org.openqa.selenium.ElementClickInterceptedException: element click intercepted: Element <a href="http://demo.nopcommerce.com/" aria-label="" class="nivo-imageLink" style="display: none;">...</a> is not clickable at point (600, 240). Other element would receive the click: <a href="http://demo.nopcommerce.com/" aria-label="" class="nivo-imageLink" style="display: block;">...</a>
  (Session info: chrome=102.0.5005.115)
Build info: version: '4.1.4', revision: '535d840ee2'
System info: host: 'DESKTOP-521SOOQ', ip: '192.168.1.109', os.name: 'Windows 10', os.arch: 'amd64', os.version: '10.0', java.version: '1.8.0_221'
Driver info: org.openqa.selenium.chrome.ChromeDriver
Command: [cde34259beababb48ec5615fa719c3aa, clickElement {id=d06bd568-163f-4e16-b686-59d73695f235}]
Capabilities {acceptInsecureCerts: false, browserName: chrome, browserVersion: 102.0.5005.115, chrome: {chromedriverVersion: 102.0.5005.61 (0e59bcc00cc4..., userDataDir: C:\Users\shahd\AppData\Loca...}, goog:chromeOptions: {debuggerAddress: localhost:13842}, javascriptEnabled: true, networkConnectionEnabled: false, pageLoadStrategy: normal, platform: WINDOWS, platformName: WINDOWS, proxy: Proxy(), se:cdp: ws://localhost:13842/devtoo..., se:cdpVersion: 102.0.5005.115, setWindowRect: true, strictFileInteractability: false, timeouts: {implicit: 0, pageLoad: 300000, script: 30000}, unhandledPromptBehavior: dismiss and notify, webauthn:extension:credBlob: true, webauthn:extension:largeBlob: true, webauthn:virtu]]></system-out>
    <system-err><![CDATA[Starting ChromeDriver 102.0.5005.61 (0e59bcc00cc4985ce39ad31c150065f159d95ad3-refs/branch-heads/5005@{#819}) on port 50574
Only local connections are allowed.
Please see https://chromedriver.chromium.org/security-considerations for suggestions on keeping ChromeDriver safe.
ChromeDriver was started successfully.
Jun 15, 2022 5:15:59 PM org.openqa.selenium.remote.ProtocolHandshake createSession
INFO: Detected dialect: W3C
Jun 15, 2022 5:15:59 PM org.openqa.selenium.devtools.CdpVersionFinder findNearestMatch
INFO: Found exact CDP implementation for version 102
]]></system-err>
  </testcase>
  <testcase name="runScenario" classname="org.example.runners.TestRunner" time="16.788">
    <failure message="expected [https://demo.nopcommerce.com/iphones6] but found [https://demo.nopcommerce.com/]" type="java.lang.AssertionError"><![CDATA[java.lang.AssertionError: expected [https://demo.nopcommerce.com/iphones6] but found [https://demo.nopcommerce.com/]
]]></failure>
    <system-out><![CDATA[actual equals: https://demo.nopcommerce.com/
]]></system-out>
    <system-err><![CDATA[Starting ChromeDriver 102.0.5005.61 (0e59bcc00cc4985ce39ad31c150065f159d95ad3-refs/branch-heads/5005@{#819}) on port 52627
Only local connections are allowed.
Please see https://chromedriver.chromium.org/security-considerations for suggestions on keeping ChromeDriver safe.
ChromeDriver was started successfully.
Jun 15, 2022 5:16:13 PM org.openqa.selenium.remote.ProtocolHandshake createSession
INFO: Detected dialect: W3C
Jun 15, 2022 5:16:13 PM org.openqa.selenium.devtools.CdpVersionFinder findNearestMatch
INFO: Found exact CDP implementation for version 102
]]></system-err>
  </testcase>
  <testcase name="runScenario" classname="org.example.runners.TestRunner" time="17.548"/>
  <testcase name="runScenario" classname="org.example.runners.TestRunner" time="15.889"/>
  <testcase name="runScenario" classname="org.example.runners.TestRunner" time="15.716">
    <failure message="Index: 1, Size: 1" type="java.lang.IndexOutOfBoundsException"><![CDATA[java.lang.IndexOutOfBoundsException: Index: 1, Size: 1
]]></failure>
    <system-err><![CDATA[Starting ChromeDriver 102.0.5005.61 (0e59bcc00cc4985ce39ad31c150065f159d95ad3-refs/branch-heads/5005@{#819}) on port 63082
Only local connections are allowed.
Please see https://chromedriver.chromium.org/security-considerations for suggestions on keeping ChromeDriver safe.
ChromeDriver was started successfully.
Jun 15, 2022 5:17:03 PM org.openqa.selenium.remote.ProtocolHandshake createSession
INFO: Detected dialect: W3C
Jun 15, 2022 5:17:04 PM org.openqa.selenium.devtools.CdpVersionFinder findNearestMatch
INFO: Found exact CDP implementation for version 102
]]></system-err>
  </testcase>
  <testcase name="runScenario" classname="org.example.runners.TestRunner" time="32.995"/>
  <testcase name="runScenario" classname="org.example.runners.TestRunner" time="11.42"/>
  <testcase name="runScenario" classname="org.example.runners.TestRunner" time="13.722"/>
  <testcase name="runScenario" classname="org.example.runners.TestRunner" time="16.323"/>
  <testcase name="runScenario" classname="org.example.runners.TestRunner" time="11.855"/>
  <testcase name="runScenario" classname="org.example.runners.TestRunner" time="14.182"/>
</testsuite>